<?xml version="1.0" encoding="UTF-8"?>
<coverage generated="1743136572269" clover="3.2.0">
  <project timestamp="1743136572269" name="All files">
    <metrics statements="11" coveredstatements="7" conditionals="2" coveredconditionals="1" methods="5" coveredmethods="2" elements="18" coveredelements="10" complexity="0" loc="11" ncloc="11" packages="1" files="1" classes="1"/>
    <file name="utils.js" path="/Users/lamnguyen/Documents/clone-github/ud-cps-518-fakeflix/src/utils.js">
      <metrics statements="11" coveredstatements="7" conditionals="2" coveredconditionals="1" methods="5" coveredmethods="2"/>
      <line num="1" count="1" type="stmt"/>
      <line num="2" count="0" type="stmt"/>
      <line num="3" count="0" type="stmt"/>
      <line num="4" count="0" type="stmt"/>
      <line num="6" count="0" type="stmt"/>
      <line num="9" count="1" type="stmt"/>
      <line num="11" count="1" type="stmt"/>
      <line num="12" count="1" type="stmt"/>
      <line num="14" count="1" type="stmt"/>
      <line num="16" count="1" type="stmt"/>
      <line num="17" count="1" type="cond" truecount="1" falsecount="1"/>
    </file>
  </project>
</coverage>
